  JJBoomServer.cpp
  Please define _WIN32_WINNT or _WIN32_WINDOWS appropriately. For example:
  - add -D_WIN32_WINNT=0x0601 to the compiler command line; or
  - add _WIN32_WINNT=0x0601 to your project's Preprocessor Definitions.
  Assuming _WIN32_WINNT=0x0601 (i.e. Windows 7 target).
D:\projects\CProjects\s_02\s_02\JJBoomServer.cpp(60,15): warning C4267: “参数”: 从“size_t”转换到“unsigned int”，可能丢失数据
  jjchat_msg.potato.cc
D:\projects\CProjects\s_02\s_02\jjchat_msg.potato.cc(5,19): warning C4267: “参数”: 从“size_t”转换到“int”，可能丢失数据
D:\projects\CProjects\s_02\s_02\jjchat_msg.potato.cc(17,8): warning C4267: “参数”: 从“size_t”转换到“int”，可能丢失数据
D:\projects\CProjects\s_02\s_02\jjchat_msg.potato.cc(48,19): warning C4267: “参数”: 从“size_t”转换到“int”，可能丢失数据
D:\projects\CProjects\s_02\s_02\jjchat_msg.potato.cc(60,8): warning C4267: “参数”: 从“size_t”转换到“int”，可能丢失数据
D:\projects\CProjects\s_02\s_02\jjchat_msg.potato.cc(91,19): warning C4267: “参数”: 从“size_t”转换到“int”，可能丢失数据
D:\projects\CProjects\s_02\s_02\jjchat_msg.potato.cc(104,8): warning C4267: “参数”: 从“size_t”转换到“int”，可能丢失数据
D:\projects\CProjects\s_02\s_02\jjchat_msg.potato.cc(139,19): warning C4267: “参数”: 从“size_t”转换到“int”，可能丢失数据
D:\projects\CProjects\s_02\s_02\jjchat_msg.potato.cc(152,8): warning C4267: “参数”: 从“size_t”转换到“int”，可能丢失数据
D:\projects\CProjects\s_02\s_02\jjchat_msg.potato.cc(187,19): warning C4267: “参数”: 从“size_t”转换到“int”，可能丢失数据
D:\projects\CProjects\s_02\s_02\jjchat_msg.potato.cc(198,8): warning C4267: “参数”: 从“size_t”转换到“int”，可能丢失数据
D:\projects\CProjects\s_02\s_02\jjchat_msg.potato.cc(225,19): warning C4267: “参数”: 从“size_t”转换到“int”，可能丢失数据
D:\projects\CProjects\s_02\s_02\jjchat_msg.potato.cc(236,8): warning C4267: “参数”: 从“size_t”转换到“int”，可能丢失数据
D:\projects\CProjects\s_02\s_02\jjchat_msg.potato.cc(263,19): warning C4267: “参数”: 从“size_t”转换到“int”，可能丢失数据
D:\projects\CProjects\s_02\s_02\jjchat_msg.potato.cc(274,8): warning C4267: “参数”: 从“size_t”转换到“int”，可能丢失数据
D:\projects\CProjects\s_02\s_02\jjchat_msg.potato.cc(301,19): warning C4267: “参数”: 从“size_t”转换到“int”，可能丢失数据
D:\projects\CProjects\s_02\s_02\jjchat_msg.potato.cc(312,8): warning C4267: “参数”: 从“size_t”转换到“int”，可能丢失数据
D:\projects\CProjects\s_02\s_02\jjchat_msg.potato.cc(339,19): warning C4267: “参数”: 从“size_t”转换到“int”，可能丢失数据
D:\projects\CProjects\s_02\s_02\jjchat_msg.potato.cc(351,8): warning C4267: “参数”: 从“size_t”转换到“int”，可能丢失数据
D:\projects\CProjects\s_02\s_02\jjchat_msg.potato.cc(382,19): warning C4267: “参数”: 从“size_t”转换到“int”，可能丢失数据
D:\projects\CProjects\s_02\s_02\jjchat_msg.potato.cc(394,8): warning C4267: “参数”: 从“size_t”转换到“int”，可能丢失数据
D:\projects\CProjects\s_02\s_02\jjchat_msg.potato.cc(425,19): warning C4267: “参数”: 从“size_t”转换到“int”，可能丢失数据
D:\projects\CProjects\s_02\s_02\jjchat_msg.potato.cc(439,8): warning C4267: “参数”: 从“size_t”转换到“int”，可能丢失数据
D:\projects\CProjects\s_02\s_02\jjchat_msg.potato.cc(478,19): warning C4267: “参数”: 从“size_t”转换到“int”，可能丢失数据
D:\projects\CProjects\s_02\s_02\jjchat_msg.potato.cc(492,8): warning C4267: “参数”: 从“size_t”转换到“int”，可能丢失数据
D:\projects\CProjects\s_02\s_02\jjchat_msg.potato.cc(531,19): warning C4267: “参数”: 从“size_t”转换到“int”，可能丢失数据
D:\projects\CProjects\s_02\s_02\jjchat_msg.potato.cc(546,8): warning C4267: “参数”: 从“size_t”转换到“int”，可能丢失数据
  main.cpp
  Please define _WIN32_WINNT or _WIN32_WINDOWS appropriately. For example:
  - add -D_WIN32_WINNT=0x0601 to the compiler command line; or
  - add _WIN32_WINNT=0x0601 to your project's Preprocessor Definitions.
  Assuming _WIN32_WINNT=0x0601 (i.e. Windows 7 target).
D:\projects\CProjects\s_02\s_02\main.cpp(35,61): warning C4267: “参数”: 从“size_t”转换到“unsigned int”，可能丢失数据
  my_mysql_connect.cpp
  Please define _WIN32_WINNT or _WIN32_WINDOWS appropriately. For example:
  - add -D_WIN32_WINNT=0x0601 to the compiler command line; or
  - add _WIN32_WINNT=0x0601 to your project's Preprocessor Definitions.
  Assuming _WIN32_WINNT=0x0601 (i.e. Windows 7 target).
  正在生成代码
  331 of 6507 functions ( 5.1%) were compiled, the rest were copied from previous compilation.
    131 functions were new in current compilation
    504 functions had inline decision re-evaluated but remain unchanged
  已完成代码的生成
  s_02.vcxproj -> D:\projects\CProjects\s_02\x64\Release\s_02.exe
