d:\projects\cprojects\s_02\s_02\x64\release\vc143.pdb
d:\projects\cprojects\s_02\s_02\x64\release\main.obj
d:\projects\cprojects\s_02\s_02\x64\release\_thread_pool.obj
d:\projects\cprojects\s_02\s_02\x64\release\msg_header.potato.obj
d:\projects\cprojects\s_02\s_02\x64\release\jjboomserver.obj
d:\projects\cprojects\s_02\s_02\x64\release\mysql_connect.obj
d:\projects\cprojects\s_02\s_02\x64\release\my_mysql_connect.obj
d:\projects\cprojects\s_02\s_02\x64\release\jjchat_msg.potato.obj
d:\projects\cprojects\s_02\x64\release\s_02.exe
d:\projects\cprojects\s_02\x64\release\s_02.pdb
d:\projects\cprojects\s_02\s_02\x64\release\s_02.ipdb
d:\projects\cprojects\s_02\s_02\x64\release\s_02.iobj
d:\projects\cprojects\s_02\s_02\x64\release\fqq.pb.obj
d:\projects\cprojects\s_02\s_02\x64\release\gameserver.obj
d:\projects\cprojects\s_02\s_02\x64\release\msg.potato.obj
d:\projects\cprojects\s_02\s_02\x64\release\test.pb.obj
d:\projects\cprojects\s_02\s_02\x64\release\s_02.tlog\cl.command.1.tlog
d:\projects\cprojects\s_02\s_02\x64\release\s_02.tlog\cl.items.tlog
d:\projects\cprojects\s_02\s_02\x64\release\s_02.tlog\cl.read.1.tlog
d:\projects\cprojects\s_02\s_02\x64\release\s_02.tlog\cl.write.1.tlog
d:\projects\cprojects\s_02\s_02\x64\release\s_02.tlog\link.command.1.tlog
d:\projects\cprojects\s_02\s_02\x64\release\s_02.tlog\link.read.1.tlog
d:\projects\cprojects\s_02\s_02\x64\release\s_02.tlog\link.secondary.1.tlog
d:\projects\cprojects\s_02\s_02\x64\release\s_02.tlog\link.write.1.tlog
